Using pre-set license
Built from '2020.3/staging' branch; Version is '2020.3.24f1 (79c78de19888) revision 7980941'; Using compiler version '192528614'; Build Type 'Release'
OS: 'Windows 10  (10.0.19043) 64bit Professional' Language: 'ru' Physical Memory: 3927 MB
BatchMode: 1, IsHumanControllingUs: 0, StartBugReporterOnCrash: 0, Is64bit: 1, IsPro: 0

COMMAND LINE ARGUMENTS:
C:\Programs\Unity\2020.3.24f1\Editor\Unity.exe
-adb2
-batchMode
-noUpm
-name
AssetImportWorker0
-projectPath
C:/Users/Tap/Documents/GitHub/2048-Game
-logFile
Logs/AssetImportWorker0.log
-srvPort
53216
Successfully changed project path to: C:/Users/Tap/Documents/GitHub/2048-Game
C:/Users/Tap/Documents/GitHub/2048-Game
Using Asset Import Pipeline V2.
Refreshing native plugins compatible for Editor in 171.89 ms, found 3 plugins.
Preloading 0 native plugins for Editor in 0.00 ms.
Initialize engine version: 2020.3.24f1 (79c78de19888)
[Subsystems] Discovering subsystems at path C:/Programs/Unity/2020.3.24f1/Editor/Data/Resources/UnitySubsystems
[Subsystems] Discovering subsystems at path C:/Users/Tap/Documents/GitHub/2048-Game/Assets
GfxDevice: creating device client; threaded=0
Direct3D:
    Version:  Direct3D 11.0 [level 11.1]
    Renderer: Intel(R) HD Graphics 505 (ID=0x5a84)
    Vendor:   
    VRAM:     1963 MB
    Driver:   27.20.100.8681
Initialize mono
Mono path[0] = 'C:/Programs/Unity/2020.3.24f1/Editor/Data/Managed'
Mono path[1] = 'C:/Programs/Unity/2020.3.24f1/Editor/Data/MonoBleedingEdge/lib/mono/unityjit'
Mono config path = 'C:/Programs/Unity/2020.3.24f1/Editor/Data/MonoBleedingEdge/etc'
Using monoOptions --debugger-agent=transport=dt_socket,embedding=1,server=y,suspend=n,address=127.0.0.1:56440
Begin MonoManager ReloadAssembly
Registering precompiled unity dll's ...
Register platform support module: C:/Programs/Unity/2020.3.24f1/Editor/Data/PlaybackEngines/WindowsStandaloneSupport/UnityEditor.WindowsStandalone.Extensions.dll
Registered in 0.006995 seconds.
Native extension for WindowsStandalone target not found
Refreshing native plugins compatible for Editor in 156.56 ms, found 3 plugins.
Preloading 0 native plugins for Editor in 0.00 ms.
Mono: successfully reloaded assembly
- Completed reload, in  2.043 seconds
Domain Reload Profiling:
	ReloadAssembly (2044ms)
		BeginReloadAssembly (184ms)
			ExecutionOrderSort (0ms)
			DisableScriptedObjects (0ms)
			BackupInstance (0ms)
			ReleaseScriptingObjects (0ms)
			CreateAndSetChildDomain (2ms)
		EndReloadAssembly (1585ms)
			LoadAssemblies (179ms)
			RebuildTransferFunctionScriptingTraits (0ms)
			SetupTypeCache (508ms)
			ReleaseScriptCaches (0ms)
			RebuildScriptCaches (136ms)
			SetupLoadedEditorAssemblies (583ms)
				LogAssemblyErrors (0ms)
				InitializePlatformSupportModulesInManaged (15ms)
				SetLoadedEditorAssemblies (1ms)
				RefreshPlugins (157ms)
				BeforeProcessingInitializeOnLoad (54ms)
				ProcessInitializeOnLoadAttributes (262ms)
				ProcessInitializeOnLoadMethodAttributes (93ms)
				AfterProcessingInitializeOnLoad (0ms)
				EditorAssembliesLoaded (1ms)
			ExecutionOrderSort2 (0ms)
			AwakeInstancesAfterBackupRestoration (0ms)
Platform modules already initialized, skipping
Registering precompiled user dll's ...
Registered in 0.010755 seconds.
Begin MonoManager ReloadAssembly
Native extension for WindowsStandalone target not found
Refreshing native plugins compatible for Editor in 137.80 ms, found 3 plugins.
Preloading 0 native plugins for Editor in 0.00 ms.
Mono: successfully reloaded assembly
- Completed reload, in  3.969 seconds
Domain Reload Profiling:
	ReloadAssembly (3972ms)
		BeginReloadAssembly (588ms)
			ExecutionOrderSort (0ms)
			DisableScriptedObjects (47ms)
			BackupInstance (0ms)
			ReleaseScriptingObjects (0ms)
			CreateAndSetChildDomain (50ms)
		EndReloadAssembly (3160ms)
			LoadAssemblies (376ms)
			RebuildTransferFunctionScriptingTraits (0ms)
			SetupTypeCache (1092ms)
			ReleaseScriptCaches (2ms)
			RebuildScriptCaches (150ms)
			SetupLoadedEditorAssemblies (1146ms)
				LogAssemblyErrors (0ms)
				InitializePlatformSupportModulesInManaged (11ms)
				SetLoadedEditorAssemblies (1ms)
				RefreshPlugins (138ms)
				BeforeProcessingInitializeOnLoad (264ms)
				ProcessInitializeOnLoadAttributes (659ms)
				ProcessInitializeOnLoadMethodAttributes (59ms)
				AfterProcessingInitializeOnLoad (13ms)
				EditorAssembliesLoaded (1ms)
			ExecutionOrderSort2 (0ms)
			AwakeInstancesAfterBackupRestoration (19ms)
Platform modules already initialized, skipping
========================================================================
Worker process is ready to serve import requests
Launched and connected shader compiler UnityShaderCompiler.exe after 0.17 seconds
Refreshing native plugins compatible for Editor in 1.47 ms, found 3 plugins.
Preloading 0 native plugins for Editor in 0.00 ms.
Unloading 2194 Unused Serialized files (Serialized files now loaded: 0)
System memory in use before: 95.8 MB.
System memory in use after: 95.9 MB.

Unloading 28 unused Assets to reduce memory usage. Loaded Objects now: 2627.
Total: 14.790900 ms (FindLiveObjects: 2.082700 ms CreateObjectMapping: 0.531500 ms MarkObjects: 11.723300 ms  DeleteObjects: 0.447100 ms)

AssetImportParameters requested are different than current active one (requested -> active):
  custom:framework-win-MediaFoundation: 216162199b28c13a410421893ffa2e32 -> 
  custom:video-decoder-ogg-theora: a1e56fd34408186e4bbccfd4996cb3dc -> 
  custom:container-muxer-webm: aa71ff27fc2769a1b78a27578f13a17b -> 
  custom:container-demuxer-webm: 4f35f7cbe854078d1ac9338744f61a02 -> 
  custom:container-demuxer-ogg: 62fdf1f143b41e24485cea50d1cbac27 -> 
  custom:video-encoder-webm-vp8: eb34c28f22e8b96e1ab97ce403110664 -> 
  custom:video-decoder-webm-vp8: 9c59270c3fd7afecdb556c50c9e8de78 -> 
  custom:audio-decoder-ogg-vorbis: bf7c407c2cedff20999df2af8eb42d56 -> 
  custom:audio-encoder-webm-vorbis: bf7c407c2cedff20999df2af8eb42d56 -> 
========================================================================
Received Import Request.
  path: Assets
  artifactKey: Guid(00000000000000001000000000000000) Importer(815301076,1909f56bfc062723c751e8b465ee728b)
Start importing Assets using Guid(00000000000000001000000000000000) Importer(815301076,1909f56bfc062723c751e8b465ee728b)  -> (artifact id: '42d402b061de3733987d63b9cc3b64de') in 0.030778 seconds 
  Import took 0.041985 seconds .

========================================================================
Received Import Request.
  Time since last request: 0.001125 seconds.
  path: Assets/Scenes
  artifactKey: Guid(ff8b7d141dc71314bbd40b2e017117e0) Importer(815301076,1909f56bfc062723c751e8b465ee728b)
Start importing Assets/Scenes using Guid(ff8b7d141dc71314bbd40b2e017117e0) Importer(815301076,1909f56bfc062723c751e8b465ee728b)  -> (artifact id: '1d7df0c29200cb80680f74cf5429c30e') in 0.026071 seconds 
  Import took 0.035992 seconds .

========================================================================
Received Import Request.
  Time since last request: 0.436157 seconds.
  path: Assets/Scripts
  artifactKey: Guid(63a5c3a2a69c02548af3456e9d8d9de8) Importer(815301076,1909f56bfc062723c751e8b465ee728b)
Start importing Assets/Scripts using Guid(63a5c3a2a69c02548af3456e9d8d9de8) Importer(815301076,1909f56bfc062723c751e8b465ee728b)  -> (artifact id: '8504fafdcd53f6c0a6be149f9cd07f99') in 0.023557 seconds 
  Import took 0.032623 seconds .

========================================================================
Received Import Request.
  Time since last request: 7.145152 seconds.
  path: Assets/Prefabs
  artifactKey: Guid(5d5856b2a0ce3d34d8a79082bb885d21) Importer(815301076,1909f56bfc062723c751e8b465ee728b)
Start importing Assets/Prefabs using Guid(5d5856b2a0ce3d34d8a79082bb885d21) Importer(815301076,1909f56bfc062723c751e8b465ee728b)  -> (artifact id: 'ee57a6c067a3e93a11043b701579bb31') in 0.025044 seconds 
  Import took 0.035109 seconds .

========================================================================
Received Import Request.
  Time since last request: 893.562081 seconds.
  path: Assets/NewBehaviourScript.cs
  artifactKey: Guid(4946b0b3ca452ad45b09087e592708db) Importer(815301076,1909f56bfc062723c751e8b465ee728b)
Start importing Assets/NewBehaviourScript.cs using Guid(4946b0b3ca452ad45b09087e592708db) Importer(815301076,1909f56bfc062723c751e8b465ee728b)  -> (artifact id: '2d22415c5d6bedaa51462fafcf0db351') in 0.410619 seconds 
  Import took 1.288359 seconds .

========================================================================
Received Prepare
Registering precompiled user dll's ...
Registered in 0.035174 seconds.
Begin MonoManager ReloadAssembly
Native extension for WindowsStandalone target not found
Refreshing native plugins compatible for Editor in 1.59 ms, found 3 plugins.
Preloading 0 native plugins for Editor in 0.00 ms.
Mono: successfully reloaded assembly
- Completed reload, in  3.681 seconds
Domain Reload Profiling:
	ReloadAssembly (3685ms)
		BeginReloadAssembly (605ms)
			ExecutionOrderSort (0ms)
			DisableScriptedObjects (66ms)
			BackupInstance (0ms)
			ReleaseScriptingObjects (0ms)
			CreateAndSetChildDomain (264ms)
		EndReloadAssembly (2873ms)
			LoadAssemblies (328ms)
			RebuildTransferFunctionScriptingTraits (0ms)
			SetupTypeCache (1027ms)
			ReleaseScriptCaches (3ms)
			RebuildScriptCaches (139ms)
			SetupLoadedEditorAssemblies (1035ms)
				LogAssemblyErrors (0ms)
				InitializePlatformSupportModulesInManaged (13ms)
				SetLoadedEditorAssemblies (4ms)
				RefreshPlugins (2ms)
				BeforeProcessingInitializeOnLoad (237ms)
				ProcessInitializeOnLoadAttributes (726ms)
				ProcessInitializeOnLoadMethodAttributes (38ms)
				AfterProcessingInitializeOnLoad (14ms)
				EditorAssembliesLoaded (1ms)
			ExecutionOrderSort2 (0ms)
			AwakeInstancesAfterBackupRestoration (30ms)
Platform modules already initialized, skipping
Refreshing native plugins compatible for Editor in 1.72 ms, found 3 plugins.
Preloading 0 native plugins for Editor in 0.00 ms.
Unloading 2183 Unused Serialized files (Serialized files now loaded: 0)
System memory in use before: 95.2 MB.
System memory in use after: 95.3 MB.

Unloading 17 unused Assets to reduce memory usage. Loaded Objects now: 2629.
Total: 19.881700 ms (FindLiveObjects: 1.719300 ms CreateObjectMapping: 0.426700 ms MarkObjects: 17.433500 ms  DeleteObjects: 0.292500 ms)

AssetImportParameters requested are different than current active one (requested -> active):
  custom:framework-win-MediaFoundation: 216162199b28c13a410421893ffa2e32 -> 
  custom:video-decoder-ogg-theora: a1e56fd34408186e4bbccfd4996cb3dc -> 
  custom:container-muxer-webm: aa71ff27fc2769a1b78a27578f13a17b -> 
  custom:container-demuxer-webm: 4f35f7cbe854078d1ac9338744f61a02 -> 
  custom:container-demuxer-ogg: 62fdf1f143b41e24485cea50d1cbac27 -> 
  custom:video-encoder-webm-vp8: eb34c28f22e8b96e1ab97ce403110664 -> 
  custom:video-decoder-webm-vp8: 9c59270c3fd7afecdb556c50c9e8de78 -> 
  custom:audio-decoder-ogg-vorbis: bf7c407c2cedff20999df2af8eb42d56 -> 
  custom:audio-encoder-webm-vorbis: bf7c407c2cedff20999df2af8eb42d56 -> 
========================================================================
Received Import Request.
  Time since last request: 23.649201 seconds.
  path: Assets/Sprites
  artifactKey: Guid(a962b2c5daba96e4d89772a6b470cf1a) Importer(815301076,1909f56bfc062723c751e8b465ee728b)
Start importing Assets/Sprites using Guid(a962b2c5daba96e4d89772a6b470cf1a) Importer(815301076,1909f56bfc062723c751e8b465ee728b)  -> (artifact id: '8ffeaa05186114ddb8be88d585f090df') in 0.035436 seconds 
  Import took 0.048826 seconds .

========================================================================
Received Import Request.
  Time since last request: 9.053838 seconds.
  path: Assets/Sprites/Frame.png
  artifactKey: Guid(d3119e412a094014bb4ff82b9241534d) Importer(815301076,1909f56bfc062723c751e8b465ee728b)
Start importing Assets/Sprites/Frame.png using Guid(d3119e412a094014bb4ff82b9241534d) Importer(815301076,1909f56bfc062723c751e8b465ee728b)  -> (artifact id: '2136ef6ced9560b3d24af8979db9bcf3') in 0.248586 seconds 
  Import took 0.259858 seconds .

========================================================================
Received Import Request.
  Time since last request: 55.847280 seconds.
  path: Assets/Sprites/Frame.png
  artifactKey: Guid(d3119e412a094014bb4ff82b9241534d) Importer(815301076,1909f56bfc062723c751e8b465ee728b)
Start importing Assets/Sprites/Frame.png using Guid(d3119e412a094014bb4ff82b9241534d) Importer(815301076,1909f56bfc062723c751e8b465ee728b)  -> (artifact id: '483b29d434252c069430d8c165b3ffd3') in 0.035323 seconds 
  Import took 0.046709 seconds .

========================================================================
Received Import Request.
  Time since last request: 253.793099 seconds.
  path: Assets/Sprites/Frame.png
  artifactKey: Guid(d3119e412a094014bb4ff82b9241534d) Importer(815301076,1909f56bfc062723c751e8b465ee728b)
Start importing Assets/Sprites/Frame.png using Guid(d3119e412a094014bb4ff82b9241534d) Importer(815301076,1909f56bfc062723c751e8b465ee728b)  -> (artifact id: 'a0e8a1e9b5ad3c3b792b6ac7ebee41e4') in 0.045074 seconds 
  Import took 0.060607 seconds .

========================================================================
Received Import Request.
  Time since last request: 140.104413 seconds.
  path: Assets/Sprites/Frame.png
  artifactKey: Guid(d3119e412a094014bb4ff82b9241534d) Importer(815301076,1909f56bfc062723c751e8b465ee728b)
Start importing Assets/Sprites/Frame.png using Guid(d3119e412a094014bb4ff82b9241534d) Importer(815301076,1909f56bfc062723c751e8b465ee728b)  -> (artifact id: 'efc9ca54469183b5f66dea8d1d56fa28') in 0.030683 seconds 
  Import took 0.040615 seconds .

